<?xml version="1.0" encoding="UTF-8"?>
<!-- Generated by org.testng.reporters.JUnitReportReporter -->
<testsuite skipped="0" hostname="DESKTOP-SC2E7I1" name="TESTS.LoginTest" tests="3" failures="0" timestamp="28 Apr 2020 05:35:48 GMT" time="50.257" errors="0">
  <testcase name="LoginPage_logoTest" time="7.376" classname="TESTS.LoginTest"/>
  <testcase name="Login" time="24.071" classname="TESTS.LoginTest"/>
  <testcase name="loginPage_TitleTest" time="18.810" classname="TESTS.LoginTest"/>
</testsuite> <!-- TESTS.LoginTest -->
