<?xml version="1.0" encoding="UTF-8"?>
<!-- Generated by org.testng.reporters.JUnitReportReporter -->
<testsuite skipped="0" hostname="DESKTOP-SC2E7I1" name="TESTS.MultyEditTemplateTest" tests="3" failures="0" timestamp="28 Apr 2020 05:21:33 GMT" time="901.701" errors="0">
  <testcase name="TemplateEditPage_Fill_summaryTest" time="312.481" classname="TESTS.MultyEditTemplateTest"/>
  <testcase name="TemplateEditPage_summaryForm_ErrormsgTest" time="147.928" classname="TESTS.MultyEditTemplateTest"/>
  <testcase name="TemplateEditPage_EditTemplateTest" time="441.292" classname="TESTS.MultyEditTemplateTest"/>
</testsuite> <!-- TESTS.MultyEditTemplateTest -->
