<?xml version="1.0" encoding="UTF-8"?>
<!-- Generated by org.testng.reporters.JUnitReportReporter -->
<testsuite skipped="0" hostname="DESKTOP-SC2E7I1" name="TESTS.AppsTest" tests="7" failures="0" timestamp="28 Apr 2020 05:56:19 GMT" time="821.459" errors="0">
  <testcase name="ApplicationPage_errmsgTest" time="249.914" classname="TESTS.AppsTest"/>
  <testcase name="ApplicationPage_errmsg_SourcePortTest" time="101.258" classname="TESTS.AppsTest"/>
  <testcase name="ApplicationPage_Count_Check" time="78.101" classname="TESTS.AppsTest"/>
  <testcase name="ApplicationPage_Creat_UserDefined_App" time="128.669" classname="TESTS.AppsTest"/>
  <testcase name="ApplicationPage_NameCanNotEdit_Test" time="37.271" classname="TESTS.AppsTest"/>
  <testcase name="ApplicationPage_Copy_NameChange" time="96.061" classname="TESTS.AppsTest"/>
  <testcase name="ApplicationPage_EditAll_ExceptName" time="130.185" classname="TESTS.AppsTest"/>
</testsuite> <!-- TESTS.AppsTest -->
