<?xml version="1.0" encoding="UTF-8"?>
<!-- Generated by org.testng.reporters.JUnitReportReporter -->
<testsuite skipped="0" hostname="DESKTOP-SC2E7I1" name="TESTS.DashboardTest" tests="12" failures="0" timestamp="28 Apr 2020 04:54:19 GMT" time="542.660" errors="0">
  <testcase name="DashboardPage_Logout" time="32.452" classname="TESTS.DashboardTest"/>
  <testcase name="DashboardPage_gotoDashboard" time="25.044" classname="TESTS.DashboardTest"/>
  <testcase name="DashboardPage_gotoAdmin" time="24.542" classname="TESTS.DashboardTest"/>
  <testcase name="DashboardPage_gotoInventory" time="25.433" classname="TESTS.DashboardTest"/>
  <testcase name="DashboardPage_Site_viewall" time="52.546" classname="TESTS.DashboardTest"/>
  <testcase name="DashboardPage_CPEs_viewall" time="58.979" classname="TESTS.DashboardTest"/>
  <testcase name="DashboardPage_App_viewall" time="67.184" classname="TESTS.DashboardTest"/>
  <testcase name="DashboardPage_App_UserDefined_viewall" time="45.931" classname="TESTS.DashboardTest"/>
  <testcase name="DashboardPage_App_BuiltIn_viewall" time="48.027" classname="TESTS.DashboardTest"/>
  <testcase name="DashboardPage_Policy_viewall" time="68.950" classname="TESTS.DashboardTest"/>
  <testcase name="DashboardPage_Policy_QoS_viewall" time="48.709" classname="TESTS.DashboardTest"/>
  <testcase name="DashboardPage_Policy_SDWAN_viewall" time="44.863" classname="TESTS.DashboardTest"/>
</testsuite> <!-- TESTS.DashboardTest -->
