<?xml version="1.0" encoding="UTF-8"?>
<!-- Generated by org.testng.reporters.JUnitReportReporter -->
<testsuite skipped="0" hostname="DESKTOP-SC2E7I1" name="TESTS.CPEsTest" tests="6" failures="0" timestamp="28 Apr 2020 07:00:19 GMT" time="338.791" errors="0">
  <testcase name="CPE_Goto_Template_Navigation" time="43.188" classname="TESTS.CPEsTest"/>
  <testcase name="CPE_search" time="46.221" classname="TESTS.CPEsTest"/>
  <testcase name="CPE_Goto_selected_Template_Navigation" time="57.689" classname="TESTS.CPEsTest"/>
  <testcase name="CPE_Count" time="56.987" classname="TESTS.CPEsTest"/>
  <testcase name="CPEPage_Edit_Alis" time="44.939" classname="TESTS.CPEsTest"/>
  <testcase name="CPEPage_Row_Edit_Alis" time="89.767" classname="TESTS.CPEsTest"/>
</testsuite> <!-- TESTS.CPEsTest -->
