<?xml version="1.0" encoding="UTF-8"?>
<!-- Generated by org.testng.reporters.JUnitReportReporter -->
<testsuite skipped="0" hostname="DESKTOP-SC2E7I1" name="TESTS.EditTemplateTest" tests="1" failures="0" timestamp="28 Apr 2020 05:31:37 GMT" time="363.709" errors="0">
  <testcase name="EditTemplate_FromPolicy_Test" time="363.709" classname="TESTS.EditTemplateTest"/>
</testsuite> <!-- TESTS.EditTemplateTest -->
