<?xml version="1.0" encoding="UTF-8"?>
<!-- Generated by org.testng.reporters.JUnitReportReporter -->
<testsuite skipped="0" hostname="DESKTOP-SC2E7I1" name="TESTS.siteTest" tests="8" failures="0" timestamp="28 Apr 2020 04:23:11 GMT" time="404.560" errors="0">
  <testcase name="SitePage_Edit_Site_Alis" time="41.988" classname="TESTS.siteTest"/>
  <testcase name="Row_Edit_Site_Alis" time="79.504" classname="TESTS.siteTest"/>
  <testcase name="sitePage_count" time="52.995" classname="TESTS.siteTest"/>
  <testcase name="Search_Test" time="40.419" classname="TESTS.siteTest"/>
  <testcase name="Goto_CPE_Navigation" time="43.208" classname="TESTS.siteTest"/>
  <testcase name="Goto_selected_CPE_Navigation" time="46.657" classname="TESTS.siteTest"/>
  <testcase name="Goto_Template_Navigation" time="47.660" classname="TESTS.siteTest"/>
  <testcase name="Goto_selected_Template_Navigation" time="52.129" classname="TESTS.siteTest"/>
</testsuite> <!-- TESTS.siteTest -->
