<?xml version="1.0" encoding="UTF-8"?>
<!-- Generated by org.testng.reporters.JUnitReportReporter -->
<testsuite skipped="0" hostname="DESKTOP-SC2E7I1" name="UTIL.OTPTest" tests="1" failures="0" timestamp="27 Apr 2020 11:19:48 GMT" time="4.077" errors="0">
  <testcase name="forto" time="4.077" classname="UTIL.OTPTest"/>
</testsuite> <!-- UTIL.OTPTest -->
